<?xml version="1.0" encoding="UTF-8"?>
<!-- Generated by org.testng.reporters.JUnitReportReporter -->
<testsuite skipped="0" hostname="32L-FMBQ43" name="qaclickacademyGroupId.SeleniumTest" tests="1" failures="0" timestamp="2020-04-17T17:18:12 EDT" time="0.000" errors="0">
  <testcase name="BrowserAutomation" time="0.000" classname="qaclickacademyGroupId.SeleniumTest"/>
  <system-out/>
</testsuite> <!-- qaclickacademyGroupId.SeleniumTest -->
